January 10, 2017 - 05:19PM -- AnonymousUser -- Password input is blank.

January 10, 2017 - 05:19PM -- AnonymousUser -- Invalid login.

January 10, 2017 - 05:20PM -- AnonymousUser -- Password input is blank.

January 10, 2017 - 05:20PM -- AnonymousUser -- Invalid login.

January 10, 2017 - 05:23PM -- markoz -- Logged in.

January 10, 2017 - 05:30PM -- markoz -- Search in wallet for last 7 for category vsi_izdatki.

January 10, 2017 - 05:34PM -- AnonymousUser -- Logged out.

January 10, 2017 - 05:34PM -- markozeman -- Logged in.

January 10, 2017 - 05:34PM -- markozeman -- Izdatek oz. prejemek dodan v bazo.

January 10, 2017 - 05:34PM -- markozeman -- Search in wallet for last 30 days for category vsi_izdatki.

January 10, 2017 - 05:34PM -- markozeman -- Visualization was made for wallet for last 31 days.

January 10, 2017 - 05:35PM -- AnonymousUser -- Logged out.

January 10, 2017 - 05:37PM -- markoz -- Logged in.

January 10, 2017 - 05:37PM -- markoz -- Goal saved to database.

January 10, 2017 - 05:38PM -- markoz -- Visualization was made for wallet for last 31 days.

January 10, 2017 - 05:38PM -- markoz -- Visualization was made for wallet_and_bank for last 31 days.

January 10, 2017 - 05:38PM -- markoz -- Visualization was made for wallet_and_bank for last 365 days.

January 10, 2017 - 05:38PM -- markoz -- Visualization was made for bank for last 7 days.

January 10, 2017 - 05:38PM -- AnonymousUser -- Logged out.

January 12, 2017 - 06:41AM -- markozeman -- Logged in.

January 12, 2017 - 07:11AM -- AnonymousUser -- Logged out.

January 12, 2017 - 07:12AM -- markozeman -- Logged in.

January 12, 2017 - 08:11AM -- AnonymousUser -- Logged out.

January 12, 2017 - 08:34AM -- markozeman -- Logged in.

January 12, 2017 - 08:58AM -- AnonymousUser -- Logged out.

January 12, 2017 - 08:59AM -- markozeman -- Logged in.

January 12, 2017 - 08:59AM -- markozeman -- Search in wallet for last 7 days for category vsi_izdatki.

January 12, 2017 - 08:59AM -- markozeman -- Search in wallet for last 7 days for category vsi_izdatki.

January 12, 2017 - 09:00AM -- markozeman -- Visualization was made for wallet for last 7 days.

January 12, 2017 - 09:01AM -- markozeman -- Search in wallet for last 7 days for category vsi_izdatki.

January 12, 2017 - 09:02AM -- markozeman -- Search in wallet for last 7 days for category vsi_izdatki.

January 12, 2017 - 09:03AM -- markozeman -- Search in wallet for last 7 days for category vsi_izdatki.

January 12, 2017 - 09:04AM -- markozeman -- Search in wallet for last 7 days for category vsi_izdatki.

January 12, 2017 - 09:05AM -- AnonymousUser -- Logged out.

January 12, 2017 - 09:06AM -- markozeman -- Logged in.

January 12, 2017 - 09:06AM -- markozeman -- Search in wallet for last 7 days for category vsi_izdatki.

January 12, 2017 - 09:07AM -- markozeman -- Search in wallet for last 7 days for category vsi_izdatki.

January 12, 2017 - 09:07AM -- markozeman -- Search in wallet for last 7 days for category vsi_izdatki.

January 12, 2017 - 09:08AM -- markozeman -- Search in wallet for last 7 days for category vsi_izdatki.

January 12, 2017 - 09:10AM -- AnonymousUser -- Logged out.

January 12, 2017 - 09:10AM -- markozeman -- Logged in.

January 12, 2017 - 09:12AM -- markozeman -- Search in wallet for last 7 days for category vsi_izdatki.

January 12, 2017 - 09:12AM -- markozeman -- Search in wallet for last 7 days for category vsi_prejemki.

January 12, 2017 - 09:13AM -- markozeman -- Search in wallet for last 7 days for category vsi_izdatki.

January 12, 2017 - 09:13AM -- markozeman -- Search in wallet for last 7 days for category vsi_prejemki.

January 12, 2017 - 09:26AM -- markozeman -- Search in wallet for last 7 days for category vsi_izdatki.

January 12, 2017 - 09:26AM -- markozeman -- Search in wallet for last 7 days for category vsi_izdatki.

January 12, 2017 - 09:28AM -- AnonymousUser -- Logged out.

January 12, 2017 - 09:38AM -- markozeman -- Logged in.

January 12, 2017 - 09:53AM -- AnonymousUser -- Logged out.

January 12, 2017 - 09:53AM -- markozeman -- Logged in.

January 12, 2017 - 09:54AM -- markozeman -- Search in bank for last 7 days for category vsi_izdatki.

January 12, 2017 - 09:57AM -- markozeman -- Logged in.

January 12, 2017 - 09:57AM -- markozeman -- Visualization was made for wallet_and_bank for last 31 days.

January 12, 2017 - 09:58AM -- markozeman -- Visualization was made for wallet for last 7 days.

January 12, 2017 - 09:58AM -- markozeman -- Visualization was made for wallet_and_bank for last 7 days.

January 12, 2017 - 09:58AM -- markozeman -- Visualization was made for wallet_and_bank for last 7 days.

January 12, 2017 - 09:59AM -- markozeman -- Visualization was made for wallet_and_bank for last 7 days.

January 12, 2017 - 10:00AM -- markozeman -- Visualization was made for wallet for last 7 days.

January 12, 2017 - 10:01AM -- markozeman -- Visualization was made for wallet for last 31 days.

January 12, 2017 - 10:03AM -- markozeman -- Visualization was made for wallet for last 7 days.

January 12, 2017 - 10:04AM -- markozeman -- Visualization was made for wallet for last 7 days.

January 12, 2017 - 10:05AM -- markozeman -- Visualization was made for wallet for last 7 days.

January 12, 2017 - 10:06AM -- markozeman -- Visualization was made for wallet for last 7 days.

January 12, 2017 - 10:06AM -- AnonymousUser -- Logged out.

January 12, 2017 - 11:51AM -- markozeman -- Logged in.

January 12, 2017 - 11:51AM -- AnonymousUser -- Logged out.

January 12, 2017 - 11:51AM -- markoz -- Logged in.

January 12, 2017 - 11:53AM -- markoz -- Visualization was made for wallet for last 7 days.

January 12, 2017 - 11:53AM -- AnonymousUser -- Logged out.

January 12, 2017 - 11:57AM -- markozeman -- Logged in.

January 12, 2017 - 08:08PM -- markozeman -- Logged in.

January 12, 2017 - 08:08PM -- markozeman -- Search in wallet for last 7 days for category vsi_izdatki.

January 12, 2017 - 08:09PM -- AnonymousUser -- Logged out.

January 12, 2017 - 09:27PM -- markozeman -- Logged in.

January 12, 2017 - 09:30PM -- AnonymousUser -- Logged out.

January 12, 2017 - 09:30PM -- markoz -- Logged in.

January 12, 2017 - 09:30PM -- AnonymousUser -- Logged out.

January 12, 2017 - 09:35PM -- markoz -- Logged in.

January 12, 2017 - 09:38PM -- AnonymousUser -- Logged out.

January 12, 2017 - 09:39PM -- markoz -- Logged in.

January 12, 2017 - 09:49PM -- AnonymousUser -- Logged out.

